{"C:\\VS\\GitHub\\FSO-Course\\part5\\bloglist-frontend\\src\\App.jsx": {"path":"C:\\VS\\GitHub\\FSO-Course\\part5\\bloglist-frontend\\src\\App.jsx","statementMap":{"0":{"start":{"line":8,"column":12},"end":{"line":127,"column":1}},"1":{"start":{"line":9,"column":28},"end":{"line":9,"column":40}},"2":{"start":{"line":10,"column":28},"end":{"line":10,"column":40}},"3":{"start":{"line":11,"column":26},"end":{"line":11,"column":40}},"4":{"start":{"line":12,"column":32},"end":{"line":15,"column":4}},"5":{"start":{"line":17,"column":2},"end":{"line":26,"column":8}},"6":{"start":{"line":18,"column":4},"end":{"line":20,"column":5}},"7":{"start":{"line":19,"column":6},"end":{"line":19,"column":21}},"8":{"start":{"line":23,"column":4},"end":{"line":25,"column":5}},"9":{"start":{"line":24,"column":6},"end":{"line":24,"column":21}},"10":{"start":{"line":28,"column":2},"end":{"line":35,"column":8}},"11":{"start":{"line":29,"column":27},"end":{"line":29,"column":68}},"12":{"start":{"line":30,"column":4},"end":{"line":34,"column":5}},"13":{"start":{"line":31,"column":19},"end":{"line":31,"column":45}},"14":{"start":{"line":32,"column":6},"end":{"line":32,"column":19}},"15":{"start":{"line":33,"column":6},"end":{"line":33,"column":38}},"16":{"start":{"line":37,"column":22},"end":{"line":37,"column":66}},"17":{"start":{"line":37,"column":48},"end":{"line":37,"column":65}},"18":{"start":{"line":38,"column":23},"end":{"line":41,"column":3}},"19":{"start":{"line":39,"column":4},"end":{"line":39,"column":28}},"20":{"start":{"line":40,"column":4},"end":{"line":40,"column":31}},"21":{"start":{"line":43,"column":18},"end":{"line":73,"column":3}},"22":{"start":{"line":44,"column":4},"end":{"line":44,"column":22}},"23":{"start":{"line":45,"column":4},"end":{"line":69,"column":5}},"24":{"start":{"line":46,"column":19},"end":{"line":50,"column":8}},"25":{"start":{"line":52,"column":6},"end":{"line":52,"column":18}},"26":{"start":{"line":53,"column":6},"end":{"line":53,"column":19}},"27":{"start":{"line":54,"column":6},"end":{"line":54,"column":16}},"28":{"start":{"line":55,"column":6},"end":{"line":55,"column":23}},"29":{"start":{"line":56,"column":6},"end":{"line":59,"column":8}},"30":{"start":{"line":60,"column":6},"end":{"line":62,"column":7}},"31":{"start":{"line":61,"column":8},"end":{"line":61,"column":23}},"32":{"start":{"line":64,"column":6},"end":{"line":64,"column":47}},"33":{"start":{"line":65,"column":6},"end":{"line":68,"column":8}},"34":{"start":{"line":70,"column":4},"end":{"line":72,"column":12}},"35":{"start":{"line":71,"column":6},"end":{"line":71,"column":40}},"36":{"start":{"line":75,"column":22},"end":{"line":89,"column":3}},"37":{"start":{"line":76,"column":28},"end":{"line":76,"column":85}},"38":{"start":{"line":78,"column":4},"end":{"line":88,"column":5}},"39":{"start":{"line":79,"column":26},"end":{"line":79,"column":76}},"40":{"start":{"line":81,"column":6},"end":{"line":85,"column":7}},"41":{"start":{"line":82,"column":8},"end":{"line":84,"column":9}},"42":{"start":{"line":83,"column":10},"end":{"line":83,"column":58}},"43":{"start":{"line":87,"column":6},"end":{"line":87,"column":47}},"44":{"start":{"line":91,"column":23},"end":{"line":103,"column":3}},"45":{"start":{"line":92,"column":25},"end":{"line":92,"column":107}},"46":{"start":{"line":93,"column":4},"end":{"line":93,"column":29}},"47":{"start":{"line":93,"column":23},"end":{"line":93,"column":29}},"48":{"start":{"line":95,"column":4},"end":{"line":102,"column":5}},"49":{"start":{"line":97,"column":6},"end":{"line":97,"column":39}},"50":{"start":{"line":99,"column":6},"end":{"line":99,"column":82}},"51":{"start":{"line":99,"column":28},"end":{"line":99,"column":81}},"52":{"start":{"line":99,"column":57},"end":{"line":99,"column":80}},"53":{"start":{"line":101,"column":6},"end":{"line":101,"column":48}},"54":{"start":{"line":105,"column":2},"end":{"line":126,"column":3}},"55":{"start":{"line":120,"column":14},"end":{"line":120,"column":114}}},"fnMap":{"0":{"name":"(anonymous_0)","decl":{"start":{"line":8,"column":12},"end":{"line":8,"column":13}},"loc":{"start":{"line":8,"column":18},"end":{"line":127,"column":1}},"line":8},"1":{"name":"(anonymous_1)","decl":{"start":{"line":17,"column":12},"end":{"line":17,"column":13}},"loc":{"start":{"line":17,"column":18},"end":{"line":26,"column":3}},"line":17},"2":{"name":"(anonymous_2)","decl":{"start":{"line":18,"column":30},"end":{"line":18,"column":31}},"loc":{"start":{"line":19,"column":6},"end":{"line":19,"column":21}},"line":19},"3":{"name":"(anonymous_3)","decl":{"start":{"line":23,"column":30},"end":{"line":23,"column":31}},"loc":{"start":{"line":24,"column":6},"end":{"line":24,"column":21}},"line":24},"4":{"name":"(anonymous_4)","decl":{"start":{"line":28,"column":12},"end":{"line":28,"column":13}},"loc":{"start":{"line":28,"column":18},"end":{"line":35,"column":3}},"line":28},"5":{"name":"(anonymous_5)","decl":{"start":{"line":37,"column":38},"end":{"line":37,"column":39}},"loc":{"start":{"line":37,"column":48},"end":{"line":37,"column":65}},"line":37},"6":{"name":"(anonymous_6)","decl":{"start":{"line":38,"column":23},"end":{"line":38,"column":24}},"loc":{"start":{"line":38,"column":29},"end":{"line":41,"column":3}},"line":38},"7":{"name":"(anonymous_7)","decl":{"start":{"line":43,"column":18},"end":{"line":43,"column":19}},"loc":{"start":{"line":43,"column":31},"end":{"line":73,"column":3}},"line":43},"8":{"name":"(anonymous_8)","decl":{"start":{"line":60,"column":32},"end":{"line":60,"column":33}},"loc":{"start":{"line":61,"column":8},"end":{"line":61,"column":23}},"line":61},"9":{"name":"(anonymous_9)","decl":{"start":{"line":70,"column":15},"end":{"line":70,"column":16}},"loc":{"start":{"line":70,"column":21},"end":{"line":72,"column":5}},"line":70},"10":{"name":"(anonymous_10)","decl":{"start":{"line":75,"column":22},"end":{"line":75,"column":23}},"loc":{"start":{"line":75,"column":34},"end":{"line":89,"column":3}},"line":75},"11":{"name":"(anonymous_11)","decl":{"start":{"line":81,"column":15},"end":{"line":81,"column":16}},"loc":{"start":{"line":82,"column":8},"end":{"line":84,"column":9}},"line":82},"12":{"name":"(anonymous_12)","decl":{"start":{"line":82,"column":22},"end":{"line":82,"column":23}},"loc":{"start":{"line":83,"column":10},"end":{"line":83,"column":58}},"line":83},"13":{"name":"(anonymous_13)","decl":{"start":{"line":91,"column":23},"end":{"line":91,"column":24}},"loc":{"start":{"line":91,"column":35},"end":{"line":103,"column":3}},"line":91},"14":{"name":"(anonymous_14)","decl":{"start":{"line":99,"column":15},"end":{"line":99,"column":16}},"loc":{"start":{"line":99,"column":28},"end":{"line":99,"column":81}},"line":99},"15":{"name":"(anonymous_15)","decl":{"start":{"line":99,"column":45},"end":{"line":99,"column":46}},"loc":{"start":{"line":99,"column":57},"end":{"line":99,"column":80}},"line":99},"16":{"name":"(anonymous_16)","decl":{"start":{"line":119,"column":28},"end":{"line":119,"column":29}},"loc":{"start":{"line":120,"column":14},"end":{"line":120,"column":114}},"line":120}},"branchMap":{"0":{"loc":{"start":{"line":30,"column":4},"end":{"line":34,"column":5}},"type":"if","locations":[{"start":{"line":30,"column":4},"end":{"line":34,"column":5}},{"start":{},"end":{}}],"line":30},"1":{"loc":{"start":{"line":83,"column":10},"end":{"line":83,"column":58}},"type":"cond-expr","locations":[{"start":{"line":83,"column":36},"end":{"line":83,"column":47}},{"start":{"line":83,"column":50},"end":{"line":83,"column":58}}],"line":83},"2":{"loc":{"start":{"line":93,"column":4},"end":{"line":93,"column":29}},"type":"if","locations":[{"start":{"line":93,"column":4},"end":{"line":93,"column":29}},{"start":{},"end":{}}],"line":93},"3":{"loc":{"start":{"line":108,"column":7},"end":{"line":109,"column":94}},"type":"binary-expr","locations":[{"start":{"line":108,"column":7},"end":{"line":108,"column":14}},{"start":{"line":109,"column":8},"end":{"line":109,"column":94}}],"line":108},"4":{"loc":{"start":{"line":109,"column":29},"end":{"line":109,"column":70}},"type":"cond-expr","locations":[{"start":{"line":109,"column":55},"end":{"line":109,"column":60}},{"start":{"line":109,"column":63},"end":{"line":109,"column":70}}],"line":109},"5":{"loc":{"start":{"line":110,"column":7},"end":{"line":123,"column":11}},"type":"cond-expr","locations":[{"start":{"line":111,"column":8},"end":{"line":113,"column":11}},{"start":{"line":115,"column":8},"end":{"line":123,"column":11}}],"line":110}},"s":{"0":0,"1":0,"2":0,"3":0,"4":0,"5":0,"6":0,"7":0,"8":0,"9":0,"10":0,"11":0,"12":0,"13":0,"14":0,"15":0,"16":0,"17":0,"18":0,"19":0,"20":0,"21":0,"22":0,"23":0,"24":0,"25":0,"26":0,"27":0,"28":0,"29":0,"30":0,"31":0,"32":0,"33":0,"34":0,"35":0,"36":0,"37":0,"38":0,"39":0,"40":0,"41":0,"42":0,"43":0,"44":0,"45":0,"46":0,"47":0,"48":0,"49":0,"50":0,"51":0,"52":0,"53":0,"54":0,"55":0},"f":{"0":0,"1":0,"2":0,"3":0,"4":0,"5":0,"6":0,"7":0,"8":0,"9":0,"10":0,"11":0,"12":0,"13":0,"14":0,"15":0,"16":0},"b":{"0":[0,0],"1":[0,0],"2":[0,0],"3":[0,0],"4":[0,0],"5":[0,0]}}
,"C:\\VS\\GitHub\\FSO-Course\\part5\\bloglist-frontend\\src\\main.jsx": {"path":"C:\\VS\\GitHub\\FSO-Course\\part5\\bloglist-frontend\\src\\main.jsx","statementMap":{"0":{"start":{"line":4,"column":0},"end":{"line":4,"column":68}}},"fnMap":{},"branchMap":{},"s":{"0":0},"f":{},"b":{}}
,"C:\\VS\\GitHub\\FSO-Course\\part5\\bloglist-frontend\\src\\components\\Blog.jsx": {"path":"C:\\VS\\GitHub\\FSO-Course\\part5\\bloglist-frontend\\src\\components\\Blog.jsx","statementMap":{"0":{"start":{"line":5,"column":13},"end":{"line":68,"column":1}},"1":{"start":{"line":6,"column":20},"end":{"line":12,"column":3}},"2":{"start":{"line":14,"column":22},"end":{"line":16,"column":3}},"3":{"start":{"line":18,"column":24},"end":{"line":21,"column":3}},"4":{"start":{"line":23,"column":26},"end":{"line":23,"column":41}},"5":{"start":{"line":24,"column":40},"end":{"line":24,"column":55}},"6":{"start":{"line":26,"column":2},"end":{"line":32,"column":18}},"7":{"start":{"line":27,"column":4},"end":{"line":31,"column":5}},"8":{"start":{"line":28,"column":6},"end":{"line":28,"column":26}},"9":{"start":{"line":30,"column":6},"end":{"line":30,"column":27}},"10":{"start":{"line":34,"column":2},"end":{"line":67,"column":3}},"11":{"start":{"line":38,"column":51},"end":{"line":38,"column":65}},"12":{"start":{"line":40,"column":51},"end":{"line":40,"column":64}},"13":{"start":{"line":70,"column":0},"end":{"line":88,"column":1}}},"fnMap":{"0":{"name":"(anonymous_0)","decl":{"start":{"line":5,"column":13},"end":{"line":5,"column":14}},"loc":{"start":{"line":5,"column":60},"end":{"line":68,"column":1}},"line":5},"1":{"name":"(anonymous_1)","decl":{"start":{"line":26,"column":12},"end":{"line":26,"column":13}},"loc":{"start":{"line":26,"column":18},"end":{"line":32,"column":3}},"line":26},"2":{"name":"(anonymous_2)","decl":{"start":{"line":38,"column":45},"end":{"line":38,"column":46}},"loc":{"start":{"line":38,"column":51},"end":{"line":38,"column":65}},"line":38},"3":{"name":"(anonymous_3)","decl":{"start":{"line":40,"column":45},"end":{"line":40,"column":46}},"loc":{"start":{"line":40,"column":51},"end":{"line":40,"column":64}},"line":40}},"branchMap":{"0":{"loc":{"start":{"line":27,"column":4},"end":{"line":31,"column":5}},"type":"if","locations":[{"start":{"line":27,"column":4},"end":{"line":31,"column":5}},{"start":{"line":29,"column":11},"end":{"line":31,"column":5}}],"line":27},"1":{"loc":{"start":{"line":37,"column":7},"end":{"line":40,"column":79}},"type":"cond-expr","locations":[{"start":{"line":38,"column":8},"end":{"line":38,"column":80}},{"start":{"line":40,"column":8},"end":{"line":40,"column":79}}],"line":37},"2":{"loc":{"start":{"line":42,"column":7},"end":{"line":43,"column":74}},"type":"binary-expr","locations":[{"start":{"line":42,"column":7},"end":{"line":42,"column":18}},{"start":{"line":43,"column":8},"end":{"line":43,"column":74}}],"line":42},"3":{"loc":{"start":{"line":47,"column":8},"end":{"line":64,"column":9}},"type":"binary-expr","locations":[{"start":{"line":47,"column":8},"end":{"line":47,"column":12}},{"start":{"line":49,"column":10},"end":{"line":63,"column":16}}],"line":47}},"s":{"0":1,"1":8,"2":8,"3":8,"4":8,"5":8,"6":8,"7":3,"8":3,"9":0,"10":8,"11":0,"12":2,"13":1},"f":{"0":8,"1":3,"2":0,"3":2},"b":{"0":[3,0],"1":[2,6],"2":[8,5],"3":[8,2]},"_coverageSchema":"1a1c01bbd47fc00a2c39e90264f33305004495a9","hash":"3cf577ed9d85d59298b189e89214ede12eef62fe"}
,"C:\\VS\\GitHub\\FSO-Course\\part5\\bloglist-frontend\\src\\components\\BlogForm.jsx": {"path":"C:\\VS\\GitHub\\FSO-Course\\part5\\bloglist-frontend\\src\\components\\BlogForm.jsx","statementMap":{"0":{"start":{"line":5,"column":17},"end":{"line":60,"column":1}},"1":{"start":{"line":6,"column":28},"end":{"line":6,"column":40}},"2":{"start":{"line":7,"column":30},"end":{"line":7,"column":42}},"3":{"start":{"line":8,"column":24},"end":{"line":8,"column":36}},"4":{"start":{"line":9,"column":32},"end":{"line":9,"column":47}},"5":{"start":{"line":11,"column":2},"end":{"line":59,"column":3}},"6":{"start":{"line":14,"column":64},"end":{"line":14,"column":80}},"7":{"start":{"line":27,"column":40},"end":{"line":27,"column":62}},"8":{"start":{"line":36,"column":40},"end":{"line":36,"column":63}},"9":{"start":{"line":45,"column":40},"end":{"line":45,"column":60}},"10":{"start":{"line":51,"column":37},"end":{"line":51,"column":54}},"11":{"start":{"line":62,"column":0},"end":{"line":64,"column":1}}},"fnMap":{"0":{"name":"(anonymous_0)","decl":{"start":{"line":5,"column":17},"end":{"line":5,"column":18}},"loc":{"start":{"line":5,"column":34},"end":{"line":60,"column":1}},"line":5},"1":{"name":"(anonymous_1)","decl":{"start":{"line":14,"column":58},"end":{"line":14,"column":59}},"loc":{"start":{"line":14,"column":64},"end":{"line":14,"column":80}},"line":14},"2":{"name":"(anonymous_2)","decl":{"start":{"line":27,"column":24},"end":{"line":27,"column":25}},"loc":{"start":{"line":27,"column":40},"end":{"line":27,"column":62}},"line":27},"3":{"name":"(anonymous_3)","decl":{"start":{"line":36,"column":24},"end":{"line":36,"column":25}},"loc":{"start":{"line":36,"column":40},"end":{"line":36,"column":63}},"line":36},"4":{"name":"(anonymous_4)","decl":{"start":{"line":45,"column":24},"end":{"line":45,"column":25}},"loc":{"start":{"line":45,"column":40},"end":{"line":45,"column":60}},"line":45},"5":{"name":"(anonymous_5)","decl":{"start":{"line":51,"column":31},"end":{"line":51,"column":32}},"loc":{"start":{"line":51,"column":37},"end":{"line":51,"column":54}},"line":51}},"branchMap":{"0":{"loc":{"start":{"line":13,"column":7},"end":{"line":16,"column":17}},"type":"binary-expr","locations":[{"start":{"line":13,"column":7},"end":{"line":13,"column":15}},{"start":{"line":14,"column":8},"end":{"line":16,"column":17}}],"line":13},"1":{"loc":{"start":{"line":18,"column":29},"end":{"line":18,"column":50}},"type":"cond-expr","locations":[{"start":{"line":18,"column":39},"end":{"line":18,"column":41}},{"start":{"line":18,"column":44},"end":{"line":18,"column":50}}],"line":18},"2":{"loc":{"start":{"line":50,"column":13},"end":{"line":53,"column":23}},"type":"binary-expr","locations":[{"start":{"line":50,"column":13},"end":{"line":50,"column":20}},{"start":{"line":51,"column":14},"end":{"line":53,"column":23}}],"line":50}},"s":{"0":1,"1":1,"2":1,"3":1,"4":1,"5":1,"6":0,"7":0,"8":0,"9":0,"10":0,"11":1},"f":{"0":1,"1":0,"2":0,"3":0,"4":0,"5":0},"b":{"0":[1,1],"1":[0,1],"2":[1,0]},"_coverageSchema":"1a1c01bbd47fc00a2c39e90264f33305004495a9","hash":"834448d6c1549a3bf147edaac06648ef7002ab17"}
,"C:\\VS\\GitHub\\FSO-Course\\part5\\bloglist-frontend\\src\\components\\Login.jsx": {"path":"C:\\VS\\GitHub\\FSO-Course\\part5\\bloglist-frontend\\src\\components\\Login.jsx","statementMap":{"0":{"start":{"line":6,"column":14},"end":{"line":63,"column":1}},"1":{"start":{"line":7,"column":34},"end":{"line":7,"column":46}},"2":{"start":{"line":8,"column":34},"end":{"line":8,"column":46}},"3":{"start":{"line":10,"column":22},"end":{"line":35,"column":3}},"4":{"start":{"line":11,"column":4},"end":{"line":11,"column":22}},"5":{"start":{"line":12,"column":4},"end":{"line":31,"column":5}},"6":{"start":{"line":13,"column":19},"end":{"line":15,"column":8}},"7":{"start":{"line":17,"column":6},"end":{"line":19,"column":7}},"8":{"start":{"line":21,"column":6},"end":{"line":21,"column":38}},"9":{"start":{"line":22,"column":6},"end":{"line":22,"column":19}},"10":{"start":{"line":23,"column":6},"end":{"line":23,"column":21}},"11":{"start":{"line":24,"column":6},"end":{"line":24,"column":21}},"12":{"start":{"line":26,"column":6},"end":{"line":26,"column":51}},"13":{"start":{"line":27,"column":6},"end":{"line":30,"column":8}},"14":{"start":{"line":32,"column":4},"end":{"line":34,"column":12}},"15":{"start":{"line":33,"column":6},"end":{"line":33,"column":40}},"16":{"start":{"line":37,"column":2},"end":{"line":62,"column":3}},"17":{"start":{"line":47,"column":38},"end":{"line":47,"column":63}},"18":{"start":{"line":56,"column":38},"end":{"line":56,"column":63}},"19":{"start":{"line":65,"column":0},"end":{"line":68,"column":1}}},"fnMap":{"0":{"name":"(anonymous_0)","decl":{"start":{"line":6,"column":14},"end":{"line":6,"column":15}},"loc":{"start":{"line":6,"column":43},"end":{"line":63,"column":1}},"line":6},"1":{"name":"(anonymous_1)","decl":{"start":{"line":10,"column":22},"end":{"line":10,"column":23}},"loc":{"start":{"line":10,"column":35},"end":{"line":35,"column":3}},"line":10},"2":{"name":"(anonymous_2)","decl":{"start":{"line":32,"column":15},"end":{"line":32,"column":16}},"loc":{"start":{"line":32,"column":21},"end":{"line":34,"column":5}},"line":32},"3":{"name":"(anonymous_3)","decl":{"start":{"line":47,"column":22},"end":{"line":47,"column":23}},"loc":{"start":{"line":47,"column":38},"end":{"line":47,"column":63}},"line":47},"4":{"name":"(anonymous_4)","decl":{"start":{"line":56,"column":22},"end":{"line":56,"column":23}},"loc":{"start":{"line":56,"column":38},"end":{"line":56,"column":63}},"line":56}},"branchMap":{},"s":{"0":0,"1":0,"2":0,"3":0,"4":0,"5":0,"6":0,"7":0,"8":0,"9":0,"10":0,"11":0,"12":0,"13":0,"14":0,"15":0,"16":0,"17":0,"18":0,"19":0},"f":{"0":0,"1":0,"2":0,"3":0,"4":0},"b":{}}
,"C:\\VS\\GitHub\\FSO-Course\\part5\\bloglist-frontend\\src\\services\\blogs.js": {"path":"C:\\VS\\GitHub\\FSO-Course\\part5\\bloglist-frontend\\src\\services\\blogs.js","statementMap":{"0":{"start":{"line":2,"column":16},"end":{"line":2,"column":28}},"1":{"start":{"line":4,"column":12},"end":{"line":4,"column":16}},"2":{"start":{"line":6,"column":17},"end":{"line":8,"column":1}},"3":{"start":{"line":7,"column":2},"end":{"line":7,"column":30}},"4":{"start":{"line":10,"column":15},"end":{"line":13,"column":1}},"5":{"start":{"line":11,"column":19},"end":{"line":11,"column":43}},"6":{"start":{"line":12,"column":2},"end":{"line":12,"column":22}},"7":{"start":{"line":15,"column":15},"end":{"line":22,"column":1}},"8":{"start":{"line":16,"column":17},"end":{"line":18,"column":3}},"9":{"start":{"line":20,"column":19},"end":{"line":20,"column":63}},"10":{"start":{"line":21,"column":2},"end":{"line":21,"column":22}},"11":{"start":{"line":24,"column":15},"end":{"line":27,"column":1}},"12":{"start":{"line":25,"column":18},"end":{"line":25,"column":58}},"13":{"start":{"line":26,"column":2},"end":{"line":26,"column":48}},"14":{"start":{"line":26,"column":34},"end":{"line":26,"column":47}},"15":{"start":{"line":29,"column":15},"end":{"line":36,"column":1}},"16":{"start":{"line":30,"column":17},"end":{"line":32,"column":3}},"17":{"start":{"line":34,"column":18},"end":{"line":34,"column":58}},"18":{"start":{"line":35,"column":2},"end":{"line":35,"column":48}},"19":{"start":{"line":35,"column":34},"end":{"line":35,"column":47}}},"fnMap":{"0":{"name":"(anonymous_0)","decl":{"start":{"line":6,"column":17},"end":{"line":6,"column":18}},"loc":{"start":{"line":6,"column":29},"end":{"line":8,"column":1}},"line":6},"1":{"name":"(anonymous_1)","decl":{"start":{"line":10,"column":15},"end":{"line":10,"column":16}},"loc":{"start":{"line":10,"column":27},"end":{"line":13,"column":1}},"line":10},"2":{"name":"(anonymous_2)","decl":{"start":{"line":15,"column":15},"end":{"line":15,"column":16}},"loc":{"start":{"line":15,"column":36},"end":{"line":22,"column":1}},"line":15},"3":{"name":"(anonymous_3)","decl":{"start":{"line":24,"column":15},"end":{"line":24,"column":16}},"loc":{"start":{"line":24,"column":34},"end":{"line":27,"column":1}},"line":24},"4":{"name":"(anonymous_4)","decl":{"start":{"line":26,"column":22},"end":{"line":26,"column":23}},"loc":{"start":{"line":26,"column":34},"end":{"line":26,"column":47}},"line":26},"5":{"name":"(anonymous_5)","decl":{"start":{"line":29,"column":15},"end":{"line":29,"column":16}},"loc":{"start":{"line":29,"column":23},"end":{"line":36,"column":1}},"line":29},"6":{"name":"(anonymous_6)","decl":{"start":{"line":35,"column":22},"end":{"line":35,"column":23}},"loc":{"start":{"line":35,"column":34},"end":{"line":35,"column":47}},"line":35}},"branchMap":{},"s":{"0":2,"1":2,"2":2,"3":0,"4":2,"5":0,"6":0,"7":2,"8":0,"9":0,"10":0,"11":2,"12":0,"13":0,"14":0,"15":2,"16":0,"17":0,"18":0,"19":0},"f":{"0":0,"1":0,"2":0,"3":0,"4":0,"5":0,"6":0},"b":{},"_coverageSchema":"1a1c01bbd47fc00a2c39e90264f33305004495a9","hash":"194eec366f5c8a986ed183fdd48358ec94590826"}
,"C:\\VS\\GitHub\\FSO-Course\\part5\\bloglist-frontend\\src\\services\\logins.js": {"path":"C:\\VS\\GitHub\\FSO-Course\\part5\\bloglist-frontend\\src\\services\\logins.js","statementMap":{"0":{"start":{"line":2,"column":16},"end":{"line":2,"column":28}},"1":{"start":{"line":4,"column":14},"end":{"line":7,"column":1}},"2":{"start":{"line":5,"column":19},"end":{"line":5,"column":57}},"3":{"start":{"line":6,"column":2},"end":{"line":6,"column":22}}},"fnMap":{"0":{"name":"(anonymous_0)","decl":{"start":{"line":4,"column":14},"end":{"line":4,"column":15}},"loc":{"start":{"line":4,"column":37},"end":{"line":7,"column":1}},"line":4}},"branchMap":{},"s":{"0":0,"1":0,"2":0,"3":0},"f":{"0":0},"b":{}}
,"C:\\VS\\GitHub\\FSO-Course\\part5\\bloglist-frontend\\src\\services\\users.js": {"path":"C:\\VS\\GitHub\\FSO-Course\\part5\\bloglist-frontend\\src\\services\\users.js","statementMap":{"0":{"start":{"line":2,"column":16},"end":{"line":2,"column":28}},"1":{"start":{"line":4,"column":15},"end":{"line":7,"column":1}},"2":{"start":{"line":5,"column":19},"end":{"line":5,"column":43}},"3":{"start":{"line":6,"column":2},"end":{"line":6,"column":22}}},"fnMap":{"0":{"name":"(anonymous_0)","decl":{"start":{"line":4,"column":15},"end":{"line":4,"column":16}},"loc":{"start":{"line":4,"column":27},"end":{"line":7,"column":1}},"line":4}},"branchMap":{},"s":{"0":0,"1":0,"2":0,"3":0},"f":{"0":0},"b":{}}
}
